-------------------------------------------------------------------------------
Test set: com.egen.ordermanagement.RouteTest
-------------------------------------------------------------------------------
Tests run: 1, Failures: 1, Errors: 0, Skipped: 0, Time elapsed: 1.676 s <<< FAILURE! - in com.egen.ordermanagement.RouteTest
checkPrimaryRoutes  Time elapsed: 0.047 s  <<< FAILURE!
java.lang.AssertionError: Status expected:<200> but was:<404>
	at com.egen.ordermanagement.RouteTest.checkPrimaryRoutes(RouteTest.java:19)

